=== Check at 2026-02-01 15:33:01 ===
✓ Maymay Backend OK
✓ Heroweb Backend OK
✓ Redis OK
✓ Nginx OK
Disk: 9% (8422292GB / 101822996GB)
Memory: 26% (1.5Gi / 5.8Gi)
Load: 0.22 (1min), 0.25 (5min)
No alerts - all systems normal
========================================
=== Check at 2026-02-01 15:40:01 ===
✓ Maymay Backend OK
✓ Heroweb Backend OK
✓ Redis OK
✓ Nginx OK
Disk: 9% (8422428GB / 101822996GB)
Memory: 26% (1.5Gi / 5.8Gi)
Load: 0.07 (1min), 0.10 (5min)
No alerts - all systems normal
========================================
=== Check at 2026-02-01 15:42:45 ===
✓ Maymay Backend OK
✓ Heroweb Backend OK
✓ Redis OK
✓ Nginx OK
Disk: 9% (8422472GB / 101822996GB)
Memory: 26% (1.5Gi / 5.8Gi)
Load: 0.05 (1min), 0.08 (5min)
No alerts - all systems normal
========================================
=== Check at 2026-02-01 15:50:01 ===
✓ Maymay Backend OK
✓ Heroweb Backend OK
✓ Redis OK
✓ Nginx OK
Disk: 9% (8422628GB / 101822996GB)
Memory: 33% (1.9Gi / 5.8Gi)
Load: 0.12 (1min), 0.07 (5min)
No alerts - all systems normal
========================================
=== Check at 2026-02-01 16:00:01 ===
✓ Maymay Backend OK
✓ Heroweb Backend OK
✓ Redis OK
✓ Nginx OK
Disk: 9% (8423552GB / 101822996GB)
Memory: 27% (1.6Gi / 5.8Gi)
Load: 0.17 (1min), 0.16 (5min)
No alerts - all systems normal
========================================
=== Check at 2026-02-01 16:10:01 ===
✓ Maymay Backend OK
✓ Heroweb Backend OK
✓ Redis OK
✓ Nginx OK
Disk: 9% (8423868GB / 101822996GB)
Memory: 28% (1.6Gi / 5.8Gi)
Load: 0.01 (1min), 0.06 (5min)
No alerts - all systems normal
========================================
=== Check at 2026-02-01 16:20:01 ===
✓ Maymay Backend OK
✓ Heroweb Backend OK
✓ Redis OK
✓ Nginx OK
Disk: 9% (8424048GB / 101822996GB)
Memory: 27% (1.5Gi / 5.8Gi)
Load: 0.05 (1min), 0.06 (5min)
No alerts - all systems normal
========================================
=== Check at 2026-02-01 16:30:01 ===
✓ Maymay Backend OK
✓ Heroweb Backend OK
✓ Redis OK
✓ Nginx OK
Disk: 9% (8424192GB / 101822996GB)
Memory: 27% (1.6Gi / 5.8Gi)
Load: 0.00 (1min), 0.04 (5min)
No alerts - all systems normal
========================================
=== Check at 2026-02-01 16:40:01 ===
✓ Maymay Backend OK
✓ Heroweb Backend OK
✓ Redis OK
✓ Nginx OK
Disk: 9% (8424640GB / 101822996GB)
Memory: 33% (1.9Gi / 5.8Gi)
Load: 0.23 (1min), 0.20 (5min)
No alerts - all systems normal
========================================
=== Check at 2026-02-01 16:50:01 ===
✓ Maymay Backend OK
✓ Heroweb Backend OK
✓ Redis OK
✓ Nginx OK
Disk: 9% (8424912GB / 101822996GB)
Memory: 33% (1.9Gi / 5.8Gi)
Load: 0.00 (1min), 0.03 (5min)
No alerts - all systems normal
========================================
=== Check at 2026-02-01 17:00:01 ===
✓ Maymay Backend OK
✓ Heroweb Backend OK
✓ Redis OK
✓ Nginx OK
Disk: 9% (8425084GB / 101822996GB)
Memory: 34% (1.9Gi / 5.8Gi)
Load: 0.01 (1min), 0.05 (5min)
No alerts - all systems normal
========================================
=== Check at 2026-02-01 17:10:01 ===
✓ Maymay Backend OK
✓ Heroweb Backend OK
✓ Redis OK
✓ Nginx OK
Disk: 9% (8425424GB / 101822996GB)
Memory: 27% (1.6Gi / 5.8Gi)
Load: 0.15 (1min), 0.14 (5min)
No alerts - all systems normal
========================================
=== Check at 2026-02-01 17:20:01 ===
✓ Maymay Backend OK
✓ Heroweb Backend OK
✓ Redis OK
✓ Nginx OK
Disk: 9% (8425976GB / 101822996GB)
Memory: 33% (1.9Gi / 5.8Gi)
Load: 0.27 (1min), 0.25 (5min)
No alerts - all systems normal
========================================
=== Check at 2026-02-02 01:30:01 ===
✓ Maymay Backend OK
✓ Heroweb Backend OK
✓ Redis OK
✓ Nginx OK
Disk: 9% (8427152GB / 101822996GB)
Memory: 27% (1.6Gi / 5.8Gi)
Load: 0.16 (1min), 0.18 (5min)
No alerts - all systems normal
========================================
=== Check at 2026-02-02 01:40:01 ===
✓ Maymay Backend OK
✓ Heroweb Backend OK
✓ Redis OK
✓ Nginx OK
Disk: 9% (8427656GB / 101822996GB)
Memory: 27% (1.6Gi / 5.8Gi)
Load: 0.16 (1min), 0.18 (5min)
No alerts - all systems normal
========================================
=== Check at 2026-02-02 01:50:01 ===
✓ Maymay Backend OK
✓ Heroweb Backend OK
✓ Redis OK
✓ Nginx OK
Disk: 9% (8436268GB / 101822996GB)
Memory: 27% (1.6Gi / 5.8Gi)
Load: 0.06 (1min), 0.14 (5min)
No alerts - all systems normal
========================================
=== Check at 2026-02-02 02:00:01 ===
✓ Maymay Backend OK
✓ Heroweb Backend OK
✓ Redis OK
✓ Nginx OK
Disk: 9% (8436528GB / 101822996GB)
Memory: 28% (1.6Gi / 5.8Gi)
Load: 0.15 (1min), 0.09 (5min)
No alerts - all systems normal
========================================
=== Check at 2026-02-02 02:10:01 ===
✓ Maymay Backend OK
✓ Heroweb Backend OK
✓ Redis OK
✓ Nginx OK
Disk: 9% (8436956GB / 101822996GB)
Memory: 28% (1.6Gi / 5.8Gi)
Load: 0.13 (1min), 0.10 (5min)
No alerts - all systems normal
========================================
=== Check at 2026-02-02 02:20:01 ===
✓ Maymay Backend OK
✓ Heroweb Backend OK
✓ Redis OK
✓ Nginx OK
Disk: 9% (8437384GB / 101822996GB)
Memory: 27% (1.6Gi / 5.8Gi)
Load: 0.35 (1min), 0.15 (5min)
No alerts - all systems normal
========================================
=== Check at 2026-02-02 02:30:01 ===
✓ Maymay Backend OK
✓ Heroweb Backend OK
✓ Redis OK
✓ Nginx OK
Disk: 9% (8437852GB / 101822996GB)
Memory: 27% (1.6Gi / 5.8Gi)
Load: 0.07 (1min), 0.11 (5min)
No alerts - all systems normal
========================================
=== Check at 2026-02-02 02:40:01 ===
✓ Maymay Backend OK
✓ Heroweb Backend OK
✓ Redis OK
✓ Nginx OK
Disk: 9% (8438384GB / 101822996GB)
Memory: 28% (1.6Gi / 5.8Gi)
Load: 0.17 (1min), 0.14 (5min)
No alerts - all systems normal
========================================
=== Check at 2026-02-02 02:50:01 ===
✓ Maymay Backend OK
✓ Heroweb Backend OK
✓ Redis OK
✓ Nginx OK
Disk: 9% (8438784GB / 101822996GB)
Memory: 28% (1.6Gi / 5.8Gi)
Load: 0.17 (1min), 0.13 (5min)
No alerts - all systems normal
========================================
=== Check at 2026-02-02 03:00:01 ===
✓ Maymay Backend OK
✓ Heroweb Backend OK
✓ Redis OK
✓ Nginx OK
Disk: 9% (8439036GB / 101822996GB)
Memory: 28% (1.6Gi / 5.8Gi)
Load: 0.13 (1min), 0.08 (5min)
No alerts - all systems normal
========================================
=== Check at 2026-02-02 03:10:01 ===
✓ Maymay Backend OK
✓ Heroweb Backend OK
✓ Redis OK
✓ Nginx OK
Disk: 9% (8439424GB / 101822996GB)
Memory: 27% (1.6Gi / 5.8Gi)
Load: 0.10 (1min), 0.10 (5min)
No alerts - all systems normal
========================================
=== Check at 2026-02-02 03:20:01 ===
✓ Maymay Backend OK
✓ Heroweb Backend OK
✓ Redis OK
✓ Nginx OK
Disk: 9% (8439812GB / 101822996GB)
Memory: 28% (1.6Gi / 5.8Gi)
Load: 0.24 (1min), 0.18 (5min)
No alerts - all systems normal
========================================
=== Check at 2026-02-02 03:30:01 ===
✓ Maymay Backend OK
✓ Heroweb Backend OK
✓ Redis OK
✓ Nginx OK
Disk: 9% (8448448GB / 101822996GB)
Memory: 27% (1.6Gi / 5.8Gi)
Load: 0.34 (1min), 0.19 (5min)
No alerts - all systems normal
========================================
=== Check at 2026-02-02 03:40:01 ===
✓ Maymay Backend OK
✓ Heroweb Backend OK
✓ Redis OK
✓ Nginx OK
Disk: 9% (8457036GB / 101822996GB)
Memory: 28% (1.6Gi / 5.8Gi)
Load: 0.06 (1min), 0.10 (5min)
No alerts - all systems normal
========================================
=== Check at 2026-02-02 03:50:01 ===
✓ Maymay Backend OK
✓ Heroweb Backend OK
✓ Redis OK
✓ Nginx OK
Disk: 9% (8457424GB / 101822996GB)
Memory: 28% (1.6Gi / 5.8Gi)
Load: 0.12 (1min), 0.12 (5min)
No alerts - all systems normal
========================================
=== Check at 2026-02-02 04:00:01 ===
✓ Maymay Backend OK
✓ Heroweb Backend OK
✓ Redis OK
✓ Nginx OK
Disk: 9% (8457700GB / 101822996GB)
Memory: 28% (1.6Gi / 5.8Gi)
Load: 0.15 (1min), 0.14 (5min)
No alerts - all systems normal
========================================
=== Check at 2026-02-02 04:10:01 ===
✓ Maymay Backend OK
✓ Heroweb Backend OK
✓ Redis OK
✓ Nginx OK
Disk: 9% (8458084GB / 101822996GB)
Memory: 28% (1.6Gi / 5.8Gi)
Load: 0.26 (1min), 0.20 (5min)
No alerts - all systems normal
========================================
=== Check at 2026-02-02 04:20:01 ===
✓ Maymay Backend OK
✓ Heroweb Backend OK
✓ Redis OK
✓ Nginx OK
Disk: 9% (8458488GB / 101822996GB)
Memory: 27% (1.6Gi / 5.8Gi)
Load: 0.28 (1min), 0.17 (5min)
No alerts - all systems normal
========================================
=== Check at 2026-02-02 04:30:01 ===
✓ Maymay Backend OK
✓ Heroweb Backend OK
✓ Redis OK
✓ Nginx OK
Disk: 9% (8458880GB / 101822996GB)
Memory: 27% (1.6Gi / 5.8Gi)
Load: 0.22 (1min), 0.14 (5min)
No alerts - all systems normal
========================================
=== Check at 2026-02-02 04:40:01 ===
✓ Maymay Backend OK
✓ Heroweb Backend OK
✓ Redis OK
✓ Nginx OK
Disk: 9% (8459276GB / 101822996GB)
Memory: 28% (1.6Gi / 5.8Gi)
Load: 0.17 (1min), 0.16 (5min)
No alerts - all systems normal
========================================
=== Check at 2026-02-02 04:50:01 ===
✓ Maymay Backend OK
✓ Heroweb Backend OK
✓ Redis OK
✓ Nginx OK
Disk: 9% (8467848GB / 101822996GB)
Memory: 27% (1.6Gi / 5.8Gi)
Load: 0.12 (1min), 0.14 (5min)
No alerts - all systems normal
========================================
=== Check at 2026-02-02 05:00:01 ===
✓ Maymay Backend OK
✓ Heroweb Backend OK
✓ Redis OK
✓ Nginx OK
Disk: 9% (8468252GB / 101822996GB)
Memory: 28% (1.6Gi / 5.8Gi)
Load: 0.17 (1min), 0.14 (5min)
No alerts - all systems normal
========================================
=== Check at 2026-02-02 05:10:01 ===
✓ Maymay Backend OK
✓ Heroweb Backend OK
✓ Redis OK
✓ Nginx OK
Disk: 9% (8468644GB / 101822996GB)
Memory: 28% (1.6Gi / 5.8Gi)
Load: 0.22 (1min), 0.15 (5min)
No alerts - all systems normal
========================================
=== Check at 2026-02-02 05:20:01 ===
✓ Maymay Backend OK
✓ Heroweb Backend OK
✓ Redis OK
✓ Nginx OK
Disk: 9% (8469028GB / 101822996GB)
Memory: 27% (1.6Gi / 5.8Gi)
Load: 0.10 (1min), 0.13 (5min)
No alerts - all systems normal
========================================
=== Check at 2026-02-02 05:30:02 ===
✓ Maymay Backend OK
✓ Heroweb Backend OK
✓ Redis OK
✓ Nginx OK
Disk: 9% (8469440GB / 101822996GB)
Memory: 27% (1.6Gi / 5.8Gi)
Load: 0.12 (1min), 0.13 (5min)
No alerts - all systems normal
========================================
=== Check at 2026-02-02 05:40:01 ===
✓ Maymay Backend OK
✓ Heroweb Backend OK
✓ Redis OK
✓ Nginx OK
Disk: 9% (8469828GB / 101822996GB)
Memory: 27% (1.6Gi / 5.8Gi)
Load: 0.20 (1min), 0.14 (5min)
No alerts - all systems normal
========================================
=== Check at 2026-02-02 05:50:01 ===
✓ Maymay Backend OK
✓ Heroweb Backend OK
✓ Redis OK
✓ Nginx OK
Disk: 9% (8470232GB / 101822996GB)
Memory: 28% (1.6Gi / 5.8Gi)
Load: 0.23 (1min), 0.13 (5min)
No alerts - all systems normal
========================================
=== Check at 2026-02-02 06:00:01 ===
✓ Maymay Backend OK
✓ Heroweb Backend OK
✓ Redis OK
✓ Nginx OK
Disk: 9% (8470452GB / 101822996GB)
Memory: 28% (1.6Gi / 5.8Gi)
Load: 0.39 (1min), 0.18 (5min)
No alerts - all systems normal
========================================
=== Check at 2026-02-02 06:10:01 ===
✓ Maymay Backend OK
✓ Heroweb Backend OK
✓ Redis OK
✓ Nginx OK
Disk: 9% (8470844GB / 101822996GB)
Memory: 28% (1.6Gi / 5.8Gi)
Load: 0.20 (1min), 0.13 (5min)
No alerts - all systems normal
========================================
=== Check at 2026-02-02 06:20:01 ===
✓ Maymay Backend OK
✓ Heroweb Backend OK
✓ Redis OK
✓ Nginx OK
Disk: 9% (8471244GB / 101822996GB)
Memory: 28% (1.6Gi / 5.8Gi)
Load: 0.21 (1min), 0.13 (5min)
No alerts - all systems normal
========================================
=== Check at 2026-02-02 06:30:01 ===
✓ Maymay Backend OK
✓ Heroweb Backend OK
✓ Redis OK
✓ Nginx OK
Disk: 9% (8471660GB / 101822996GB)
Memory: 28% (1.6Gi / 5.8Gi)
Load: 0.19 (1min), 0.14 (5min)
No alerts - all systems normal
========================================
=== Check at 2026-02-02 06:40:01 ===
✓ Maymay Backend OK
✓ Heroweb Backend OK
✓ Redis OK
✓ Nginx OK
Disk: 9% (8472084GB / 101822996GB)
Memory: 27% (1.6Gi / 5.8Gi)
Load: 0.10 (1min), 0.13 (5min)
No alerts - all systems normal
========================================
=== Check at 2026-02-02 06:50:01 ===
✓ Maymay Backend OK
✓ Heroweb Backend OK
✓ Redis OK
✓ Nginx OK
Disk: 9% (8480692GB / 101822996GB)
Memory: 28% (1.6Gi / 5.8Gi)
Load: 0.07 (1min), 0.11 (5min)
No alerts - all systems normal
========================================
=== Check at 2026-02-02 07:00:01 ===
✓ Maymay Backend OK
✓ Heroweb Backend OK
✓ Redis OK
✓ Nginx OK
Disk: 9% (8480964GB / 101822996GB)
Memory: 28% (1.6Gi / 5.8Gi)
Load: 0.11 (1min), 0.09 (5min)
No alerts - all systems normal
========================================
=== Check at 2026-02-02 07:10:01 ===
✓ Maymay Backend OK
✓ Heroweb Backend OK
✓ Redis OK
✓ Nginx OK
Disk: 9% (8481396GB / 101822996GB)
Memory: 28% (1.6Gi / 5.8Gi)
Load: 0.15 (1min), 0.14 (5min)
No alerts - all systems normal
========================================
=== Check at 2026-02-02 07:20:01 ===
✓ Maymay Backend OK
✓ Heroweb Backend OK
✓ Redis OK
✓ Nginx OK
Disk: 9% (8481820GB / 101822996GB)
Memory: 29% (1.7Gi / 5.8Gi)
Load: 0.10 (1min), 0.16 (5min)
No alerts - all systems normal
========================================
=== Check at 2026-02-02 07:30:01 ===
✓ Maymay Backend OK
✓ Heroweb Backend OK
✓ Redis OK
✓ Nginx OK
Disk: 9% (8482256GB / 101822996GB)
Memory: 27% (1.6Gi / 5.8Gi)
Load: 0.10 (1min), 0.10 (5min)
No alerts - all systems normal
========================================
=== Check at 2026-02-02 07:40:02 ===
✓ Maymay Backend OK
✓ Heroweb Backend OK
✓ Redis OK
✓ Nginx OK
Disk: 9% (8482696GB / 101822996GB)
Memory: 28% (1.6Gi / 5.8Gi)
Load: 0.17 (1min), 0.15 (5min)
No alerts - all systems normal
========================================
=== Check at 2026-02-02 07:50:01 ===
✓ Maymay Backend OK
✓ Heroweb Backend OK
✓ Redis OK
✓ Nginx OK
Disk: 9% (8483124GB / 101822996GB)
Memory: 27% (1.6Gi / 5.8Gi)
Load: 0.10 (1min), 0.11 (5min)
No alerts - all systems normal
========================================
=== Check at 2026-02-02 08:00:01 ===
✓ Maymay Backend OK
✓ Heroweb Backend OK
✓ Redis OK
✓ Nginx OK
Disk: 9% (8483460GB / 101822996GB)
Memory: 28% (1.6Gi / 5.8Gi)
Load: 0.15 (1min), 0.10 (5min)
No alerts - all systems normal
========================================
=== Check at 2026-02-02 08:10:01 ===
✓ Maymay Backend OK
✓ Heroweb Backend OK
✓ Redis OK
✓ Nginx OK
Disk: 9% (8500284GB / 101822996GB)
Memory: 28% (1.6Gi / 5.8Gi)
Load: 0.08 (1min), 0.10 (5min)
No alerts - all systems normal
========================================
=== Check at 2026-02-02 08:20:01 ===
✓ Maymay Backend OK
✓ Heroweb Backend OK
✓ Redis OK
✓ Nginx OK
Disk: 9% (8500732GB / 101822996GB)
Memory: 28% (1.6Gi / 5.8Gi)
Load: 0.06 (1min), 0.10 (5min)
No alerts - all systems normal
========================================
=== Check at 2026-02-02 08:30:01 ===
✓ Maymay Backend OK
✓ Heroweb Backend OK
✓ Redis OK
✓ Nginx OK
Disk: 9% (8501168GB / 101822996GB)
Memory: 28% (1.6Gi / 5.8Gi)
Load: 0.34 (1min), 0.16 (5min)
No alerts - all systems normal
========================================
=== Check at 2026-02-02 08:40:01 ===
✓ Maymay Backend OK
✓ Heroweb Backend OK
✓ Redis OK
✓ Nginx OK
Disk: 9% (8501540GB / 101822996GB)
Memory: 28% (1.6Gi / 5.8Gi)
Load: 0.17 (1min), 0.17 (5min)
No alerts - all systems normal
========================================
=== Check at 2026-02-02 08:50:01 ===
✓ Maymay Backend OK
✓ Heroweb Backend OK
✓ Redis OK
✓ Nginx OK
Disk: 9% (8501928GB / 101822996GB)
Memory: 28% (1.6Gi / 5.8Gi)
Load: 0.09 (1min), 0.12 (5min)
No alerts - all systems normal
========================================
=== Check at 2026-02-02 09:00:01 ===
✓ Maymay Backend OK
✓ Heroweb Backend OK
✓ Redis OK
✓ Nginx OK
Disk: 9% (8502176GB / 101822996GB)
Memory: 28% (1.6Gi / 5.8Gi)
Load: 0.28 (1min), 0.11 (5min)
No alerts - all systems normal
========================================
=== Check at 2026-02-02 09:10:01 ===
✓ Maymay Backend OK
✓ Heroweb Backend OK
✓ Redis OK
✓ Nginx OK
Disk: 9% (8502616GB / 101822996GB)
Memory: 29% (1.7Gi / 5.8Gi)
Load: 0.33 (1min), 0.15 (5min)
No alerts - all systems normal
========================================
=== Check at 2026-02-02 09:20:01 ===
✓ Maymay Backend OK
✓ Heroweb Backend OK
✓ Redis OK
✓ Nginx OK
Disk: 9% (8503024GB / 101822996GB)
Memory: 29% (1.7Gi / 5.8Gi)
Load: 0.12 (1min), 0.11 (5min)
No alerts - all systems normal
========================================
=== Check at 2026-02-02 09:30:01 ===
✓ Maymay Backend OK
✓ Heroweb Backend OK
✓ Redis OK
✓ Nginx OK
Disk: 9% (8503488GB / 101822996GB)
Memory: 29% (1.7Gi / 5.8Gi)
Load: 0.10 (1min), 0.15 (5min)
No alerts - all systems normal
========================================
=== Check at 2026-02-02 09:40:01 ===
✓ Maymay Backend OK
✓ Heroweb Backend OK
✓ Redis OK
✓ Nginx OK
Disk: 9% (8503932GB / 101822996GB)
Memory: 30% (1.7Gi / 5.8Gi)
Load: 0.17 (1min), 0.14 (5min)
No alerts - all systems normal
========================================
=== Check at 2026-02-02 09:50:01 ===
✓ Maymay Backend OK
✓ Heroweb Backend OK
✓ Redis OK
✓ Nginx OK
Disk: 9% (8512564GB / 101822996GB)
Memory: 29% (1.7Gi / 5.8Gi)
Load: 0.09 (1min), 0.11 (5min)
No alerts - all systems normal
========================================
=== Check at 2026-02-02 10:00:01 ===
✓ Maymay Backend OK
✓ Heroweb Backend OK
✓ Redis OK
✓ Nginx OK
Disk: 9% (8512892GB / 101822996GB)
Memory: 30% (1.8Gi / 5.8Gi)
Load: 0.08 (1min), 0.11 (5min)
No alerts - all systems normal
========================================
=== Check at 2026-02-02 10:10:01 ===
✓ Maymay Backend OK
✓ Heroweb Backend OK
✓ Redis OK
✓ Nginx OK
Disk: 9% (8513324GB / 101822996GB)
Memory: 32% (1.8Gi / 5.8Gi)
Load: 0.09 (1min), 0.19 (5min)
No alerts - all systems normal
========================================
=== Check at 2026-02-02 10:20:01 ===
✓ Maymay Backend OK
✓ Heroweb Backend OK
✓ Redis OK
✓ Nginx OK
Disk: 9% (8521824GB / 101822996GB)
Memory: 32% (1.8Gi / 5.8Gi)
Load: 0.11 (1min), 0.12 (5min)
No alerts - all systems normal
========================================
=== Check at 2026-02-02 10:30:02 ===
✓ Maymay Backend OK
✓ Heroweb Backend OK
✓ Redis OK
✓ Nginx OK
Disk: 9% (8522308GB / 101822996GB)
Memory: 32% (1.8Gi / 5.8Gi)
Load: 0.25 (1min), 0.17 (5min)
No alerts - all systems normal
========================================
=== Check at 2026-02-02 10:40:01 ===
✓ Maymay Backend OK
✓ Heroweb Backend OK
✓ Redis OK
✓ Nginx OK
Disk: 9% (8522788GB / 101822996GB)
Memory: 31% (1.8Gi / 5.8Gi)
Load: 0.11 (1min), 0.10 (5min)
No alerts - all systems normal
========================================
=== Check at 2026-02-02 10:50:01 ===
✓ Maymay Backend OK
✓ Heroweb Backend OK
✓ Redis OK
✓ Nginx OK
Disk: 9% (8523284GB / 101822996GB)
Memory: 31% (1.8Gi / 5.8Gi)
Load: 0.10 (1min), 0.10 (5min)
No alerts - all systems normal
========================================
=== Check at 2026-02-02 11:00:01 ===
✓ Maymay Backend OK
✓ Heroweb Backend OK
✓ Redis OK
✓ Nginx OK
Disk: 9% (8523604GB / 101822996GB)
Memory: 31% (1.8Gi / 5.8Gi)
Load: 0.08 (1min), 0.06 (5min)
No alerts - all systems normal
========================================
=== Check at 2026-02-02 11:10:01 ===
✓ Maymay Backend OK
✓ Heroweb Backend OK
✓ Redis OK
✓ Nginx OK
Disk: 9% (8524084GB / 101822996GB)
Memory: 32% (1.8Gi / 5.8Gi)
Load: 0.16 (1min), 0.12 (5min)
No alerts - all systems normal
========================================
=== Check at 2026-02-02 11:20:01 ===
✓ Maymay Backend OK
✓ Heroweb Backend OK
✓ Redis OK
✓ Nginx OK
Disk: 9% (8524580GB / 101822996GB)
Memory: 31% (1.8Gi / 5.8Gi)
Load: 0.16 (1min), 0.15 (5min)
No alerts - all systems normal
========================================
=== Check at 2026-02-02 11:30:01 ===
✓ Maymay Backend OK
✓ Heroweb Backend OK
✓ Redis OK
✓ Nginx OK
Disk: 9% (8525048GB / 101822996GB)
Memory: 31% (1.8Gi / 5.8Gi)
Load: 0.21 (1min), 0.16 (5min)
No alerts - all systems normal
========================================
=== Check at 2026-02-02 11:40:01 ===
✓ Maymay Backend OK
✓ Heroweb Backend OK
✓ Redis OK
✓ Nginx OK
Disk: 9% (8525512GB / 101822996GB)
Memory: 31% (1.8Gi / 5.8Gi)
Load: 0.20 (1min), 0.17 (5min)
No alerts - all systems normal
========================================
=== Check at 2026-02-02 11:50:01 ===
✓ Maymay Backend OK
✓ Heroweb Backend OK
✓ Redis OK
✓ Nginx OK
Disk: 9% (8525964GB / 101822996GB)
Memory: 31% (1.8Gi / 5.8Gi)
Load: 0.25 (1min), 0.16 (5min)
No alerts - all systems normal
========================================
=== Check at 2026-02-02 12:00:01 ===
✓ Maymay Backend OK
✓ Heroweb Backend OK
✓ Redis OK
✓ Nginx OK
Disk: 9% (8526332GB / 101822996GB)
Memory: 31% (1.8Gi / 5.8Gi)
Load: 0.06 (1min), 0.11 (5min)
No alerts - all systems normal
========================================
=== Check at 2026-02-02 12:10:01 ===
✓ Maymay Backend OK
✓ Heroweb Backend OK
✓ Redis OK
✓ Nginx OK
Disk: 9% (8526784GB / 101822996GB)
Memory: 31% (1.8Gi / 5.8Gi)
Load: 0.11 (1min), 0.14 (5min)
No alerts - all systems normal
========================================
=== Check at 2026-02-02 12:20:01 ===
✓ Maymay Backend OK
✓ Heroweb Backend OK
✓ Redis OK
✓ Nginx OK
Disk: 9% (8527196GB / 101822996GB)
Memory: 31% (1.8Gi / 5.8Gi)
Load: 0.14 (1min), 0.12 (5min)
No alerts - all systems normal
========================================
=== Check at 2026-02-02 12:30:01 ===
✓ Maymay Backend OK
✓ Heroweb Backend OK
✓ Redis OK
✓ Nginx OK
Disk: 9% (8536172GB / 101822996GB)
Memory: 32% (1.8Gi / 5.8Gi)
Load: 0.12 (1min), 0.14 (5min)
No alerts - all systems normal
========================================
=== Check at 2026-02-02 12:40:02 ===
✓ Maymay Backend OK
✓ Heroweb Backend OK
✓ Redis OK
✓ Nginx OK
Disk: 9% (8536792GB / 101822996GB)
Memory: 29% (1.7Gi / 5.8Gi)
Load: 0.26 (1min), 0.27 (5min)
No alerts - all systems normal
========================================
